SqliteError: unable to open database file
SqliteError: unable to open database file
    at new Database (C:\Users\mrcat\OneDrive\Desktop\antigravity-files\dailyborg\node_modules\better-sqlite3\lib\database.js:69:26)
    at getD1Database (C:\Users\mrcat\OneDrive\Desktop\antigravity-files\dailyborg\.next\dev\server\chunks\[root-of-the-server]__eb4b2614._.js:86:23)
    at process.processTicksAndRejections (node:internal/process/task_queues:103:5)
    at async POST (C:\Users\mrcat\OneDrive\Desktop\antigravity-files\dailyborg\.next\dev\server\chunks\[root-of-the-server]__eb4b2614._.js:209:20)
    at async AppRouteRouteModule.do (C:\Users\mrcat\OneDrive\Desktop\antigravity-files\dailyborg\node_modules\next\dist\compiled\next-server\app-route-turbo.runtime.dev.js:5:37866)
    at async AppRouteRouteModule.handle (C:\Users\mrcat\OneDrive\Desktop\antigravity-files\dailyborg\node_modules\next\dist\compiled\next-server\app-route-turbo.runtime.dev.js:5:45156)
    at async responseGenerator (C:\Users\mrcat\OneDrive\Desktop\antigravity-files\dailyborg\.next\dev\server\chunks\node_modules_ed044254._.js:15691:38)
    at async AppRouteRouteModule.handleResponse (C:\Users\mrcat\OneDrive\Desktop\antigravity-files\dailyborg\node_modules\next\dist\compiled\next-server\app-route-turbo.runtime.dev.js:1:191938)
    at async handleResponse (C:\Users\mrcat\OneDrive\Desktop\antigravity-files\dailyborg\.next\dev\server\chunks\node_modules_ed044254._.js:15754:32)
    at async Module.handler (C:\Users\mrcat\OneDrive\Desktop\antigravity-files\dailyborg\.next\dev\server\chunks\node_modules_ed044254._.js:15807:13)
    at async DevServer.renderToResponseWithComponentsImpl (C:\Users\mrcat\OneDrive\Desktop\antigravity-files\dailyborg\node_modules\next\dist\server\base-server.js:1442:9)
    at async DevServer.renderPageComponent (C:\Users\mrcat\OneDrive\Desktop\antigravity-files\dailyborg\node_modules\next\dist\server\base-server.js:1494:24)
    at async DevServer.renderToResponseImpl (C:\Users\mrcat\OneDrive\Desktop\antigravity-files\dailyborg\node_modules\next\dist\server\base-server.js:1544:32)
    at async DevServer.pipeImpl (C:\Users\mrcat\OneDrive\Desktop\antigravity-files\dailyborg\node_modules\next\dist\server\base-server.js:1038:25)
    at async NextNodeServer.handleCatchallRenderRequest (C:\Users\mrcat\OneDrive\Desktop\antigravity-files\dailyborg\node_modules\next\dist\server\next-server.js:395:17)
    at async DevServer.handleRequestImpl (C:\Users\mrcat\OneDrive\Desktop\antigravity-files\dailyborg\node_modules\next\dist\server\base-server.js:929:17)
    at async C:\Users\mrcat\OneDrive\Desktop\antigravity-files\dailyborg\node_modules\next\dist\server\dev\next-dev-server.js:387:20
    at async Span.traceAsyncFn (C:\Users\mrcat\OneDrive\Desktop\antigravity-files\dailyborg\node_modules\next\dist\trace\trace.js:157:20)
    at async DevServer.handleRequest (C:\Users\mrcat\OneDrive\Desktop\antigravity-files\dailyborg\node_modules\next\dist\server\dev\next-dev-server.js:383:24)
    at async invokeRender (C:\Users\mrcat\OneDrive\Desktop\antigravity-files\dailyborg\node_modules\next\dist\server\lib\router-server.js:248:21)
    at async handleRequest (C:\Users\mrcat\OneDrive\Desktop\antigravity-files\dailyborg\node_modules\next\dist\server\lib\router-server.js:447:24)
    at async requestHandlerImpl (C:\Users\mrcat\OneDrive\Desktop\antigravity-files\dailyborg\node_modules\next\dist\server\lib\router-server.js:496:13)
    at async Server.requestListener (C:\Users\mrcat\OneDrive\Desktop\antigravity-files\dailyborg\node_modules\next\dist\server\lib\start-server.js:226:13)